\BOOKMARK [1][-]{section*.1}{\376\377\000D\000e\000c\000l\000a\000r\000a\000t\000i\000o\000n}{}% 1
\BOOKMARK [1][-]{section*.2}{\376\377\000A\000c\000k\000n\000o\000w\000l\000e\000d\000g\000e\000m\000e\000n\000t\000s}{}% 2
\BOOKMARK [1][-]{section*.3}{\376\377\000A\000b\000s\000t\000r\000a\000c\000t}{}% 3
\BOOKMARK [1][-]{section*.5}{\376\377\000C\000o\000n\000t\000e\000n\000t\000s}{}% 4
\BOOKMARK [1][-]{section*.7}{\376\377\000L\000i\000s\000t\000\040\000o\000f\000\040\000F\000i\000g\000u\000r\000e\000s}{}% 5
\BOOKMARK [1][-]{section.1}{\376\377\000I\000n\000t\000r\000o\000d\000u\000c\000t\000i\000o\000n}{}% 6
\BOOKMARK [2][-]{subsection.1.1}{\376\377\000P\000r\000o\000b\000l\000e\000m\000\040\000S\000t\000a\000t\000e\000m\000e\000n\000t\000\040\000a\000n\000d\000\040\000P\000r\000o\000j\000e\000c\000t\000\040\000S\000o\000l\000u\000t\000i\000o\000n}{section.1}% 7
\BOOKMARK [2][-]{subsection.1.2}{\376\377\000R\000e\000p\000o\000r\000t\000\040\000S\000t\000r\000u\000c\000t\000u\000r\000e}{section.1}% 8
\BOOKMARK [1][-]{section.2}{\376\377\000T\000e\000c\000h\000n\000i\000c\000a\000l\000\040\000B\000a\000c\000k\000g\000r\000o\000u\000n\000d}{}% 9
\BOOKMARK [2][-]{subsection.2.1}{\376\377\000L\000a\000y\000e\000r\000s\000\040\000O\000f\000\040\000N\000e\000t\000w\000o\000r\000k\000s}{section.2}% 10
\BOOKMARK [3][-]{subsubsection.2.1.1}{\376\377\000L\000a\000y\000e\000r\000\040\0003}{subsection.2.1}% 11
\BOOKMARK [3][-]{subsubsection.2.1.2}{\376\377\000L\000a\000y\000e\000r\000\040\0004}{subsection.2.1}% 12
\BOOKMARK [3][-]{subsubsection.2.1.3}{\376\377\000L\000a\000y\000e\000r\000\040\0007}{subsection.2.1}% 13
\BOOKMARK [2][-]{subsection.2.2}{\376\377\000T\000y\000p\000e\000s\000\040\000O\000f\000\040\000D\000o\000S\000\040\000A\000t\000t\000a\000c\000k\000s}{section.2}% 14
\BOOKMARK [3][-]{subsubsection.2.2.1}{\376\377\000A\000p\000p\000l\000i\000c\000a\000t\000i\000o\000n\000\040\000L\000a\000y\000e\000r\000\040\000A\000t\000t\000a\000c\000k\000s}{subsection.2.2}% 15
\BOOKMARK [3][-]{subsubsection.2.2.2}{\376\377\000P\000r\000o\000t\000o\000c\000o\000l\000\040\000E\000x\000p\000l\000o\000i\000t\000s}{subsection.2.2}% 16
\BOOKMARK [3][-]{subsubsection.2.2.3}{\376\377\000V\000o\000l\000u\000m\000e\000t\000r\000i\000c\000\040\000A\000t\000t\000a\000c\000k\000s}{subsection.2.2}% 17
\BOOKMARK [2][-]{subsection.2.3}{\376\377\000F\000P\000G\000A\000\040\000A\000r\000c\000h\000i\000t\000e\000c\000t\000u\000r\000e}{section.2}% 18
\BOOKMARK [3][-]{subsubsection.2.3.1}{\376\377\000X\000i\000l\000i\000n\000x\000\040\000O\000v\000e\000r\000v\000i\000e\000w}{subsection.2.3}% 19
\BOOKMARK [3][-]{subsubsection.2.3.2}{\376\377\000V\000C\0007\0000\0007\000\040\000P\000l\000a\000t\000f\000o\000r\000m}{subsection.2.3}% 20
\BOOKMARK [2][-]{subsection.2.4}{\376\377\000M\000i\000c\000r\000o\000B\000l\000a\000z\000e\000\040\000P\000r\000o\000c\000e\000s\000s\000o\000r}{section.2}% 21
\BOOKMARK [2][-]{subsection.2.5}{\376\377\000A\000X\000I\000\040\000I\000n\000t\000e\000r\000c\000o\000n\000n\000e\000c\000t\000s}{section.2}% 22
\BOOKMARK [2][-]{subsection.2.6}{\376\377\000H\000a\000r\000d\000w\000a\000r\000e\000-\000S\000o\000f\000t\000w\000a\000r\000e\000\040\000C\000o\000-\000D\000e\000s\000i\000g\000n}{section.2}% 23
\BOOKMARK [2][-]{subsection.2.7}{\376\377\000S\000c\000a\000p\000y\000\040\000a\000n\000d\000\040\000T\000r\000a\000f\000f\000i\000c\000\040\000G\000e\000n\000e\000r\000a\000t\000i\000o\000n}{section.2}% 24
\BOOKMARK [1][-]{section.3}{\376\377\000L\000i\000t\000e\000r\000a\000t\000u\000r\000e\000\040\000R\000e\000v\000i\000e\000w}{}% 25
\BOOKMARK [2][-]{subsection.3.1}{\376\377\000S\000y\000s\000t\000e\000m\000a\000t\000i\000c\000\040\000R\000e\000v\000i\000e\000w\000\040\000M\000e\000t\000h\000o\000d\000o\000l\000o\000g\000y}{section.3}% 26
\BOOKMARK [3][-]{subsubsection.3.1.1}{\376\377\000S\000e\000a\000r\000c\000h\000\040\000S\000t\000r\000a\000t\000e\000g\000y\000\040\000a\000n\000d\000\040\000I\000d\000e\000n\000t\000i\000f\000i\000c\000a\000t\000i\000o\000n}{subsection.3.1}% 27
\BOOKMARK [2][-]{subsection.3.2}{\376\377\000I\000n\000t\000r\000u\000s\000i\000o\000n\000\040\000D\000e\000t\000e\000c\000t\000i\000o\000n\000\040\000S\000y\000s\000t\000e\000m\000s}{section.3}% 28
\BOOKMARK [2][-]{subsection.3.3}{\376\377\000D\000o\000S\000\040\000a\000n\000d\000\040\000D\000D\000o\000S\000\040\000D\000e\000t\000e\000c\000t\000i\000o\000n\000\040\000T\000e\000c\000h\000n\000i\000q\000u\000e\000s}{section.3}% 29
\BOOKMARK [2][-]{subsection.3.4}{\376\377\000S\000o\000f\000t\000w\000a\000r\000e\000-\000B\000a\000s\000e\000d\000\040\000I\000n\000t\000r\000u\000s\000i\000o\000n\000\040\000D\000e\000t\000e\000c\000t\000i\000o\000n\000\040\000S\000y\000s\000t\000e\000m\000s}{section.3}% 30
\BOOKMARK [2][-]{subsection.3.5}{\376\377\000F\000P\000G\000A\000-\000B\000a\000s\000e\000d\000\040\000I\000n\000t\000r\000u\000s\000i\000o\000n\000\040\000D\000e\000t\000e\000c\000t\000i\000o\000n\000\040\000S\000y\000s\000t\000e\000m\000s}{section.3}% 31
\BOOKMARK [2][-]{subsection.3.6}{\376\377\000R\000e\000a\000l\000-\000T\000i\000m\000e\000\040\000P\000a\000c\000k\000e\000t\000\040\000P\000r\000o\000c\000e\000s\000s\000i\000n\000g\000\040\000T\000e\000c\000h\000n\000i\000q\000u\000e\000s}{section.3}% 32
\BOOKMARK [2][-]{subsection.3.7}{\376\377\000R\000e\000s\000e\000a\000r\000c\000h\000\040\000G\000a\000p}{section.3}% 33
\BOOKMARK [1][-]{section.4}{\376\377\000S\000y\000s\000t\000e\000m\000\040\000D\000e\000s\000i\000g\000n\000\040\000a\000n\000d\000\040\000D\000e\000v\000e\000l\000o\000p\000m\000e\000n\000t}{}% 34
\BOOKMARK [2][-]{subsection.4.1}{\376\377\000H\000i\000g\000h\000\040\000L\000e\000v\000e\000l\000\040\000S\000y\000s\000t\000e\000m\000\040\000O\000v\000e\000r\000v\000i\000e\000w}{section.4}% 35
\BOOKMARK [3][-]{subsubsection.4.1.1}{\376\377\000S\000y\000s\000t\000e\000m\000\040\000A\000r\000c\000h\000i\000t\000e\000c\000t\000u\000r\000e}{subsection.4.1}% 36
\BOOKMARK [3][-]{subsubsection.4.1.2}{\376\377\000D\000a\000t\000a\000\040\000F\000l\000o\000w\000\040\000T\000h\000r\000o\000u\000g\000h\000\040\000t\000h\000e\000\040\000S\000y\000s\000t\000e\000m}{subsection.4.1}% 37
\BOOKMARK [3][-]{subsubsection.4.1.3}{\376\377\000H\000a\000r\000d\000w\000a\000r\000e\000-\000S\000o\000f\000t\000w\000a\000r\000e\000\040\000P\000a\000r\000t\000i\000t\000i\000o\000n\000i\000n\000g}{subsection.4.1}% 38
\BOOKMARK [3][-]{subsubsection.4.1.4}{\376\377\000C\000o\000m\000m\000u\000n\000i\000c\000a\000t\000i\000o\000n\000\040\000I\000n\000t\000e\000r\000f\000a\000c\000e\000s\000\040\000a\000n\000d\000\040\000I\000n\000t\000e\000r\000c\000o\000n\000n\000e\000c\000t\000s}{subsection.4.1}% 39
\BOOKMARK [3][-]{subsubsection.4.1.5}{\376\377\000P\000l\000a\000t\000f\000o\000r\000m\000\040\000I\000n\000t\000e\000g\000r\000a\000t\000i\000o\000n\000\040\000a\000n\000d\000\040\000P\000h\000y\000s\000i\000c\000a\000l\000\040\000I\000m\000p\000l\000e\000m\000e\000n\000t\000a\000t\000i\000o\000n}{subsection.4.1}% 40
\BOOKMARK [2][-]{subsection.4.2}{\376\377\000P\000a\000c\000k\000e\000t\000\040\000R\000e\000p\000l\000a\000y\000\040\000a\000n\000d\000\040\000D\000a\000t\000a\000\040\000S\000o\000u\000r\000c\000e}{section.4}% 41
\BOOKMARK [2][-]{subsection.4.3}{\376\377\000I\000D\000S\000\040\000M\000o\000d\000u\000l\000e}{section.4}% 42
\BOOKMARK [3][-]{subsubsection.4.3.1}{\376\377\000P\000a\000c\000k\000e\000t\000\040\000P\000a\000r\000s\000i\000n\000g}{subsection.4.3}% 43
\BOOKMARK [3][-]{subsubsection.4.3.2}{\376\377\000F\000e\000a\000t\000u\000r\000e\000\040\000E\000x\000t\000r\000a\000c\000t\000i\000o\000n\000\040\000a\000n\000d\000\040\000S\000i\000g\000n\000a\000t\000u\000r\000e\000\040\000D\000e\000t\000e\000c\000t\000i\000o\000n}{subsection.4.3}% 44
\BOOKMARK [3][-]{subsubsection.4.3.3}{\376\377\000S\000l\000i\000d\000i\000n\000g\000\040\000W\000i\000n\000d\000o\000w}{subsection.4.3}% 45
\BOOKMARK [2][-]{subsection.4.4}{\376\377\000D\000e\000t\000e\000c\000t\000i\000o\000n\000\040\000a\000n\000d\000\040\000A\000l\000e\000r\000t\000\040\000G\000e\000n\000e\000r\000a\000t\000i\000o\000n}{section.4}% 46
\BOOKMARK [2][-]{subsection.4.5}{\376\377\000M\000i\000c\000r\000o\000b\000l\000a\000z\000e}{section.4}% 47
\BOOKMARK [3][-]{subsubsection.4.5.1}{\376\377\000S\000y\000s\000t\000e\000m\000\040\000C\000o\000n\000f\000i\000g\000u\000r\000a\000t\000i\000o\000n}{subsection.4.5}% 48
\BOOKMARK [3][-]{subsubsection.4.5.2}{\376\377\000P\000a\000c\000k\000e\000t\000\040\000T\000r\000a\000n\000s\000m\000i\000s\000s\000i\000o\000n\000\040\000a\000n\000d\000\040\000S\000t\000a\000t\000u\000s\000\040\000P\000o\000l\000l\000i\000n\000g}{subsection.4.5}% 49
\BOOKMARK [3][-]{subsubsection.4.5.3}{\376\377\000T\000a\000r\000g\000e\000t\000\040\000I\000d\000e\000n\000t\000i\000f\000i\000c\000a\000t\000i\000o\000n\000\040\000a\000n\000d\000\040\000D\000y\000n\000a\000m\000i\000c\000\040\000T\000r\000a\000c\000k\000i\000n\000g}{subsection.4.5}% 50
\BOOKMARK [3][-]{subsubsection.4.5.4}{\376\377\000U\000A\000R\000T\000\040\000R\000e\000p\000o\000r\000t\000i\000n\000g}{subsection.4.5}% 51
\BOOKMARK [3][-]{subsubsection.4.5.5}{\376\377\000S\000o\000f\000t\000w\000a\000r\000e\000\040\000O\000p\000e\000r\000a\000t\000i\000o\000n\000a\000l\000\040\000L\000o\000g\000i\000c\000\040\000a\000n\000d\000\040\000S\000y\000n\000c\000h\000r\000o\000n\000i\000s\000a\000t\000i\000o\000n}{subsection.4.5}% 52
\BOOKMARK [2][-]{subsection.4.6}{\376\377\000G\000r\000a\000p\000h\000i\000c\000a\000l\000\040\000U\000s\000e\000r\000\040\000I\000n\000t\000e\000r\000f\000a\000c\000e}{section.4}% 53
\BOOKMARK [2][-]{subsection.4.7}{\376\377\000D\000e\000s\000i\000g\000n\000\040\000C\000o\000n\000s\000i\000d\000e\000r\000a\000t\000i\000o\000n\000s\000\040\000a\000n\000d\000\040\000C\000h\000a\000l\000l\000e\000n\000g\000e\000s}{section.4}% 54
\BOOKMARK [3][-]{subsubsection.4.7.1}{\376\377\000O\000u\000t\000p\000u\000t\000\040\000o\000f\000\040\000t\000h\000e\000\040\000p\000a\000r\000s\000e\000r}{subsection.4.7}% 55
\BOOKMARK [3][-]{subsubsection.4.7.2}{\376\377\000F\000e\000a\000t\000u\000r\000e\000\040\000E\000x\000t\000r\000a\000c\000t\000i\000o\000n\000\040\000a\000n\000d\000\040\000T\000r\000a\000f\000f\000i\000c\000\040\000M\000o\000n\000i\000t\000o\000r\000i\000n\000g}{subsection.4.7}% 56
\BOOKMARK [1][-]{section.5}{\376\377\000R\000e\000s\000u\000l\000t\000s\000\040\000a\000n\000d\000\040\000T\000e\000s\000t\000i\000n\000g}{}% 57
\BOOKMARK [2][-]{subsection.5.1}{\376\377\000T\000e\000s\000t\000i\000n\000g}{section.5}% 58
\BOOKMARK [3][-]{subsubsection.5.1.1}{\376\377\000P\000a\000c\000k\000e\000t\000\040\000R\000e\000p\000r\000e\000s\000e\000n\000t\000a\000t\000i\000o\000n\000\040\000f\000o\000r\000\040\000a\000\040\000F\000P\000G\000A\000\040\000s\000y\000s\000t\000e\000m}{subsection.5.1}% 59
\BOOKMARK [3][-]{subsubsection.5.1.2}{\376\377\000P\000a\000c\000k\000e\000t\000\040\000D\000a\000t\000a\000s\000e\000t\000\040\000a\000n\000d\000\040\000T\000e\000s\000t\000\040\000S\000e\000t\000u\000p}{subsection.5.1}% 60
\BOOKMARK [2][-]{subsection.5.2}{\376\377\000R\000e\000s\000u\000l\000t\000s}{section.5}% 61
\BOOKMARK [3][-]{subsubsection.5.2.1}{\376\377\000T\000h\000r\000e\000s\000h\000o\000l\000d\000\040\000a\000n\000d\000\040\000P\000a\000c\000k\000e\000t\000\040\000R\000a\000t\000e\000\040\000A\000n\000a\000l\000y\000s\000i\000s}{subsection.5.2}% 62
\BOOKMARK [3][-]{subsubsection.5.2.2}{\376\377\000H\000i\000g\000h\000\040\000P\000a\000c\000k\000e\000t\000\040\000R\000a\000t\000e\000:\000\040\000u\000s\000l\000e\000e\000p\000\050\0005\0000\0000\0000\000\051}{subsection.5.2}% 63
\BOOKMARK [3][-]{subsubsection.5.2.3}{\376\377\000B\000a\000s\000e\000l\000i\000n\000e\000\040\000P\000a\000c\000k\000e\000t\000\040\000R\000a\000t\000e\000:\000\040\000u\000s\000l\000e\000e\000p\000\050\0001\0000\0000\0000\0000\000\051}{subsection.5.2}% 64
\BOOKMARK [3][-]{subsubsection.5.2.4}{\376\377\000L\000o\000w\000\040\000P\000a\000c\000k\000e\000t\000\040\000R\000a\000t\000e\000:\000\040\000u\000s\000l\000e\000e\000p\000\050\0002\0000\0000\0000\0000\000\051}{subsection.5.2}% 65
\BOOKMARK [3][-]{subsubsection.5.2.5}{\376\377\000D\000i\000s\000c\000u\000s\000s\000i\000o\000n}{subsection.5.2}% 66
\BOOKMARK [3][-]{subsubsection.5.2.6}{\376\377\000S\000y\000n\000\040\000F\000l\000o\000o\000d}{subsection.5.2}% 67
\BOOKMARK [3][-]{subsubsection.5.2.7}{\376\377\000M\000i\000x\000e\000d\000\040\000P\000a\000c\000k\000e\000t\000s}{subsection.5.2}% 68
\BOOKMARK [3][-]{subsubsection.5.2.8}{\376\377\000I\000C\000M\000P\000\040\000F\000l\000o\000o\000d}{subsection.5.2}% 69
\BOOKMARK [3][-]{subsubsection.5.2.9}{\376\377\000N\000U\000L\000L\000\040\000S\000c\000a\000n\000\040\000D\000e\000t\000e\000c\000t\000i\000o\000n}{subsection.5.2}% 70
\BOOKMARK [3][-]{subsubsection.5.2.10}{\376\377\000X\000M\000A\000S\000\040\000S\000c\000a\000n\000\040\000D\000e\000t\000e\000c\000t\000i\000o\000n}{subsection.5.2}% 71
\BOOKMARK [3][-]{subsubsection.5.2.11}{\376\377\000U\000D\000P\000\040\000F\000l\000o\000o\000d\000\040\000D\000e\000t\000e\000c\000t\000i\000o\000n}{subsection.5.2}% 72
\BOOKMARK [2][-]{subsection.5.3}{\376\377\000S\000y\000s\000t\000e\000m\000\040\000L\000i\000m\000i\000t\000a\000t\000i\000o\000n\000s}{section.5}% 73
\BOOKMARK [2][-]{subsection.5.4}{\376\377\000H\000o\000w\000\040\000t\000h\000e\000\040\000R\000e\000s\000u\000l\000t\000s\000\040\000C\000o\000m\000p\000a\000r\000e}{section.5}% 74
\BOOKMARK [1][-]{section.6}{\376\377\000E\000t\000h\000i\000c\000a\000l\000\040\000C\000o\000n\000s\000i\000d\000e\000r\000a\000t\000i\000o\000n\000s}{}% 75
\BOOKMARK [2][-]{subsection.6.1}{\376\377\000S\000o\000c\000i\000e\000t\000a\000l\000\040\000I\000m\000p\000a\000c\000t\000\040\000a\000n\000d\000\040\000S\000e\000r\000v\000i\000c\000e\000\040\000A\000v\000a\000i\000l\000a\000b\000i\000l\000i\000t\000y}{section.6}% 76
\BOOKMARK [2][-]{subsection.6.2}{\376\377\000S\000u\000s\000t\000a\000i\000n\000a\000b\000i\000l\000i\000t\000y\000\040\000a\000n\000d\000\040\000E\000n\000v\000i\000r\000o\000n\000m\000e\000n\000t\000a\000l\000\040\000E\000f\000f\000i\000c\000i\000e\000n\000c\000y}{section.6}% 77
\BOOKMARK [2][-]{subsection.6.3}{\376\377\000O\000p\000e\000r\000a\000t\000i\000o\000n\000a\000l\000\040\000S\000a\000f\000e\000t\000y\000\040\000a\000n\000d\000\040\000E\000q\000u\000i\000p\000m\000e\000n\000t\000\040\000H\000a\000n\000d\000l\000i\000n\000g}{section.6}% 78
\BOOKMARK [2][-]{subsection.6.4}{\376\377\000C\000o\000n\000t\000r\000o\000l\000l\000e\000d\000\040\000T\000e\000s\000t\000i\000n\000g\000\040\000a\000n\000d\000\040\000D\000a\000t\000a\000\040\000I\000n\000t\000e\000g\000r\000i\000t\000y}{section.6}% 79
\BOOKMARK [1][-]{section.7}{\376\377\000C\000o\000n\000c\000l\000u\000s\000i\000o\000n\000s\000\040\000a\000n\000d\000\040\000F\000u\000t\000u\000r\000e\000\040\000W\000o\000r\000k}{}% 80
\BOOKMARK [1][-]{section*.42}{\376\377\000A\000p\000p\000e\000n\000d\000i\000c\000e\000s}{}% 81
\BOOKMARK [1][-]{appendix.A}{\376\377\000C\000o\000d\000e\000\040\000F\000o\000r\000\040\000D\000e\000v\000e\000l\000o\000p\000e\000d\000\040\000S\000y\000s\000t\000e\000m}{}% 82
\BOOKMARK [1][-]{appendix.B}{\376\377\000V\000i\000d\000e\000o\000\040\000o\000f\000\040\000S\000y\000s\000t\000e\000m}{}% 83
\BOOKMARK [1][-]{appendix.C}{\376\377\000R\000i\000s\000k\000\040\000A\000s\000s\000e\000s\000s\000m\000e\000n\000t\000\040\000F\000o\000r\000m}{}% 84
